-------------------------------------------------------------------------------
Test set: com.encee.ecommerce.HelpdeskApplicationTests
-------------------------------------------------------------------------------
Tests run: 1, Failures: 0, Errors: 1, Skipped: 0, Time elapsed: 1.098 s <<< FAILURE! - in com.encee.ecommerce.HelpdeskApplicationTests
initializationError(com.encee.ecommerce.HelpdeskApplicationTests)  Time elapsed: 0.015 s  <<< ERROR!
java.lang.IllegalStateException: Unable to find a @SpringBootConfiguration, you need to use @ContextConfiguration or @SpringBootTest(classes=...) with your test

